<?xml version="1.0" encoding="UTF-8"?>
<testsuite name="com.example.andriuswebapp.service.BookServiceTest" tests="9" skipped="0" failures="0" errors="0" timestamp="2026-03-15T06:41:06.152Z" hostname="KU-ISK-ENGINEER" time="1.44">
  <properties/>
  <testcase name="deleteBookRemovesExistingRecord()" classname="com.example.andriuswebapp.service.BookServiceTest" time="1.287"/>
  <testcase name="deleteBookThrowsWhenBookDoesNotExist()" classname="com.example.andriuswebapp.service.BookServiceTest" time="0.078"/>
  <testcase name="purchaseBookReturnsTrueWhenStockIsDecremented()" classname="com.example.andriuswebapp.service.BookServiceTest" time="0.004"/>
  <testcase name="getAllBooksReturnsRepositoryResultsInOrder()" classname="com.example.andriuswebapp.service.BookServiceTest" time="0.014"/>
  <testcase name="purchaseBookReturnsFalseWhenItemIsOutOfStock()" classname="com.example.andriuswebapp.service.BookServiceTest" time="0.003"/>
  <testcase name="createBookStoresProvidedStockQuantity()" classname="com.example.andriuswebapp.service.BookServiceTest" time="0.008"/>
  <testcase name="updateBookThrowsWhenBookDoesNotExist()" classname="com.example.andriuswebapp.service.BookServiceTest" time="0.004"/>
  <testcase name="getBookThrowsWhenBookDoesNotExist()" classname="com.example.andriuswebapp.service.BookServiceTest" time="0.002"/>
  <testcase name="updateBookReplacesExistingFieldsAndSavesBook()" classname="com.example.andriuswebapp.service.BookServiceTest" time="0.018"/>
  <system-out><![CDATA[]]></system-out>
  <system-err><![CDATA[]]></system-err>
</testsuite>
