<?xml version="1.0" encoding="UTF-8"?>
<testsuite name="com.example.andriuswebapp.service.BookServiceTest" tests="9" skipped="0" failures="0" errors="0" timestamp="2026-04-12T18:13:57.987Z" hostname="ANDY-PC" time="1.837">
  <properties/>
  <testcase name="deleteBookRemovesExistingRecord()" classname="com.example.andriuswebapp.service.BookServiceTest" time="1.654"/>
  <testcase name="deleteBookThrowsWhenBookDoesNotExist()" classname="com.example.andriuswebapp.service.BookServiceTest" time="0.022"/>
  <testcase name="purchaseBookReturnsTrueWhenStockIsDecremented()" classname="com.example.andriuswebapp.service.BookServiceTest" time="0.012"/>
  <testcase name="getAllBooksReturnsRepositoryResultsInOrder()" classname="com.example.andriuswebapp.service.BookServiceTest" time="0.013"/>
  <testcase name="purchaseBookReturnsFalseWhenItemIsOutOfStock()" classname="com.example.andriuswebapp.service.BookServiceTest" time="0.026"/>
  <testcase name="createBookStoresProvidedStockQuantity()" classname="com.example.andriuswebapp.service.BookServiceTest" time="0.012"/>
  <testcase name="updateBookThrowsWhenBookDoesNotExist()" classname="com.example.andriuswebapp.service.BookServiceTest" time="0.011"/>
  <testcase name="getBookThrowsWhenBookDoesNotExist()" classname="com.example.andriuswebapp.service.BookServiceTest" time="0.006"/>
  <testcase name="updateBookReplacesExistingFieldsAndSavesBook()" classname="com.example.andriuswebapp.service.BookServiceTest" time="0.013"/>
  <system-out><![CDATA[]]></system-out>
  <system-err><![CDATA[]]></system-err>
</testsuite>
