<?xml version="1.0" encoding="UTF-8"?>
<testsuite name="com.example.andriuswebapp.integration.BookControllerIntegrationTest" tests="2" skipped="0" failures="0" errors="0" timestamp="2026-04-12T19:21:34.976Z" hostname="ANDY-PC" time="20.603">
  <properties/>
  <testcase name="createBookPersistsNewRecord()" classname="com.example.andriuswebapp.integration.BookControllerIntegrationTest" time="2.26"/>
  <testcase name="purchaseBookReducesStockByOne()" classname="com.example.andriuswebapp.integration.BookControllerIntegrationTest" time="0.169"/>
  <system-out><![CDATA[22:21:35.577 [Test worker] INFO org.springframework.test.context.support.AnnotationConfigContextLoaderUtils -- Could not detect default configuration classes for test class [com.example.andriuswebapp.integration.BookControllerIntegrationTest]: BookControllerIntegrationTest does not declare any static, non-private, non-final, nested classes annotated with @Configuration.
22:21:35.868 [Test worker] INFO org.springframework.boot.test.context.SpringBootTestContextBootstrapper -- Found @SpringBootConfiguration com.example.andriuswebapp.AndriusWebAppApplication for test class com.example.andriuswebapp.integration.BookControllerIntegrationTest

  .   ____          _            __ _ _
 /\\ / ___'_ __ _ _(_)_ __  __ _ \ \ \ \
( ( )\___ | '_ | '_| | '_ \/ _` | \ \ \ \
 \\/  ___)| |_)| | | | | || (_| |  ) ) ) )
  '  |____| .__|_| |_|_| |_\__, | / / / /
 =========|_|==============|___/=/_/_/_/

 :: Spring Boot ::                (v4.0.2)

2026-04-12T22:21:36.972+03:00  INFO 26608 --- [    Test worker] c.e.a.i.BookControllerIntegrationTest    : Starting BookControllerIntegrationTest using Java 17.0.12 with PID 26608 (started by andri in C:\Users\andri\OneDrive - ku.lt\Uni_HomeWork\Magistras\1_Kursas_2_Semestras\Sistemu architektura\web-app-Andrew1415\andrius-web-app)
2026-04-12T22:21:36.977+03:00  INFO 26608 --- [    Test worker] c.e.a.i.BookControllerIntegrationTest    : The following 1 profile is active: "test"
2026-04-12T22:21:39.331+03:00  INFO 26608 --- [    Test worker] .s.d.r.c.RepositoryConfigurationDelegate : Bootstrapping Spring Data JPA repositories in DEFAULT mode.
2026-04-12T22:21:39.485+03:00  INFO 26608 --- [    Test worker] .s.d.r.c.RepositoryConfigurationDelegate : Finished Spring Data repository scanning in 115 ms. Found 1 JPA repository interface.
2026-04-12T22:21:41.673+03:00  INFO 26608 --- [    Test worker] com.zaxxer.hikari.HikariDataSource       : HikariPool-1 - Starting...
2026-04-12T22:21:42.158+03:00  INFO 26608 --- [    Test worker] com.zaxxer.hikari.pool.HikariPool        : HikariPool-1 - Added connection conn0: url=jdbc:h2:mem:testdb user=SA
2026-04-12T22:21:42.165+03:00  INFO 26608 --- [    Test worker] com.zaxxer.hikari.HikariDataSource       : HikariPool-1 - Start completed.
2026-04-12T22:21:42.198+03:00  INFO 26608 --- [    Test worker] org.flywaydb.core.FlywayExecutor         : Database: jdbc:h2:mem:testdb (H2 2.4)
2026-04-12T22:21:42.342+03:00  WARN 26608 --- [    Test worker] o.f.c.internal.database.base.Database    : Using H2 2.4.240 which is newer than the version Flyway has been verified with. The latest verified version of H2 is 2.3.232.
2026-04-12T22:21:42.418+03:00  INFO 26608 --- [    Test worker] o.f.c.i.s.JdbcTableSchemaHistory         : Schema history table "PUBLIC"."flyway_schema_history" does not exist yet
2026-04-12T22:21:42.422+03:00  INFO 26608 --- [    Test worker] o.f.core.internal.command.DbValidate     : Successfully validated 5 migrations (execution time 00:00.041s)
2026-04-12T22:21:42.447+03:00  INFO 26608 --- [    Test worker] o.f.c.i.s.JdbcTableSchemaHistory         : Creating Schema History table "PUBLIC"."flyway_schema_history" ...
2026-04-12T22:21:42.537+03:00  INFO 26608 --- [    Test worker] o.f.core.internal.command.DbMigrate      : Current version of schema "PUBLIC": << Empty Schema >>
2026-04-12T22:21:42.557+03:00  INFO 26608 --- [    Test worker] o.f.core.internal.command.DbMigrate      : Migrating schema "PUBLIC" to version "1 - create books table"
2026-04-12T22:21:42.601+03:00  INFO 26608 --- [    Test worker] o.f.core.internal.command.DbMigrate      : Migrating schema "PUBLIC" to version "2 - seed books"
2026-04-12T22:21:42.619+03:00  INFO 26608 --- [    Test worker] o.f.core.internal.command.DbMigrate      : Migrating schema "PUBLIC" to version "3 - add stock quantity"
2026-04-12T22:21:42.648+03:00  INFO 26608 --- [    Test worker] o.f.core.internal.command.DbMigrate      : Migrating schema "PUBLIC" to version "4 - add books indexes"
2026-04-12T22:21:42.669+03:00  INFO 26608 --- [    Test worker] o.f.core.internal.command.DbMigrate      : Migrating schema "PUBLIC" to version "5 - add isbn to books"
2026-04-12T22:21:42.709+03:00  INFO 26608 --- [    Test worker] o.f.core.internal.command.DbMigrate      : Successfully applied 5 migrations to schema "PUBLIC", now at version v5 (execution time 00:00.063s)
2026-04-12T22:21:42.971+03:00  INFO 26608 --- [    Test worker] org.hibernate.orm.jpa                    : HHH008540: Processing PersistenceUnitInfo [name: default]
2026-04-12T22:21:43.183+03:00  INFO 26608 --- [    Test worker] org.hibernate.orm.core                   : HHH000001: Hibernate ORM core version 7.2.1.Final
2026-04-12T22:21:44.466+03:00  INFO 26608 --- [    Test worker] o.s.o.j.p.SpringPersistenceUnitInfo      : No LoadTimeWeaver setup: ignoring JPA class transformer
2026-04-12T22:21:44.646+03:00  INFO 26608 --- [    Test worker] org.hibernate.orm.connections.pooling    : HHH10001005: Database info:
	Database JDBC URL [jdbc:h2:mem:testdb]
	Database driver: H2 JDBC Driver
	Database dialect: H2Dialect
	Database version: 2.4.240
	Default catalog/schema: TESTDB/PUBLIC
	Autocommit mode: undefined/unknown
	Isolation level: READ_COMMITTED [default READ_COMMITTED]
	JDBC fetch size: 100
	Pool: DataSourceConnectionProvider
	Minimum pool size: undefined/unknown
	Maximum pool size: undefined/unknown
2026-04-12T22:21:46.525+03:00  INFO 26608 --- [    Test worker] org.hibernate.orm.core                   : HHH000489: No JTA platform available (set 'hibernate.transaction.jta.platform' to enable JTA platform integration)
2026-04-12T22:21:46.585+03:00  INFO 26608 --- [    Test worker] j.LocalContainerEntityManagerFactoryBean : Initialized JPA EntityManagerFactory for persistence unit 'default'
2026-04-12T22:21:46.858+03:00  INFO 26608 --- [    Test worker] o.s.d.j.r.query.QueryEnhancerFactories   : Hibernate is in classpath; If applicable, HQL parser will be used.
2026-04-12T22:21:52.566+03:00  INFO 26608 --- [    Test worker] o.s.b.t.m.w.SpringBootMockServletContext : Initializing Spring TestDispatcherServlet ''
2026-04-12T22:21:52.566+03:00  INFO 26608 --- [    Test worker] o.s.t.web.servlet.TestDispatcherServlet  : Initializing Servlet ''
2026-04-12T22:21:52.584+03:00  INFO 26608 --- [    Test worker] o.s.b.a.e.web.EndpointLinksResolver      : Exposing 1 endpoint beneath base path '/actuator'
2026-04-12T22:21:52.624+03:00  INFO 26608 --- [    Test worker] o.s.t.web.servlet.TestDispatcherServlet  : Completed initialization in 57 ms
2026-04-12T22:21:52.970+03:00  INFO 26608 --- [    Test worker] c.e.a.i.BookControllerIntegrationTest    : Started BookControllerIntegrationTest in 16.737 seconds (process running for 20.678)
]]></system-out>
  <system-err><![CDATA[]]></system-err>
</testsuite>
